# JRE version: Java(TM) SE Runtime Environment (12.0.2+10) (build 12.0.2+10)
# Java VM: Java HotSpot(TM) 64-Bit Server VM (12.0.2+10, mixed mode, sharing, tiered, compressed oops, g1 gc, bsd-amd64)
Heap:
 garbage-first heap   total 58368K, used 29313K [0x0000000780000000, 0x0000000800000000)
  region size 1024K, 16 young (16384K), 2 survivors (2048K)
 Metaspace       used 25881K, capacity 27122K, committed 27392K, reserved 1073152K
  class space    used 3326K, capacity 3828K, committed 3840K, reserved 1048576K
GC Heap History (10 events):
Event: 4.182 GC heap before
{Heap before GC invocations=2 (full 0):
 garbage-first heap   total 133120K, used 22382K [0x0000000780000000, 0x0000000800000000)
  region size 1024K, 19 young (19456K), 1 survivors (1024K)
 Metaspace       used 9539K, capacity 10978K, committed 11136K, reserved 1058816K
  class space    used 1085K, capacity 1304K, committed 1408K, reserved 1048576K
}
Event: 4.189 GC heap after
{Heap after GC invocations=3 (full 0):
 garbage-first heap   total 133120K, used 6202K [0x0000000780000000, 0x0000000800000000)
  region size 1024K, 2 young (2048K), 2 survivors (2048K)
 Metaspace       used 9539K, capacity 10978K, committed 11136K, reserved 1058816K
  class space    used 1085K, capacity 1304K, committed 1408K, reserved 1048576K
}
Event: 7.451 GC heap before
{Heap before GC invocations=3 (full 0):
 garbage-first heap   total 133120K, used 46138K [0x0000000780000000, 0x0000000800000000)
  region size 1024K, 42 young (43008K), 2 survivors (2048K)
 Metaspace       used 20204K, capacity 21123K, committed 21248K, reserved 1067008K
  class space    used 2851K, capacity 3230K, committed 3328K, reserved 1048576K
}
Event: 7.469 GC heap after
{Heap after GC invocations=4 (full 0):
 garbage-first heap   total 133120K, used 10728K [0x0000000780000000, 0x0000000800000000)
  region size 1024K, 6 young (6144K), 6 survivors (6144K)
 Metaspace       used 20204K, capacity 21123K, committed 21248K, reserved 1067008K
  class space    used 2851K, capacity 3230K, committed 3328K, reserved 1048576K
}
Event: 15.210 GC heap before
{Heap before GC invocations=5 (full 0):
 garbage-first heap   total 48128K, used 45544K [0x0000000780000000, 0x0000000800000000)
  region size 1024K, 38 young (38912K), 6 survivors (6144K)
 Metaspace       used 24187K, capacity 25348K, committed 25600K, reserved 1071104K
  class space    used 3305K, capacity 3782K, committed 3840K, reserved 1048576K
}
Event: 15.234 GC heap after
{Heap after GC invocations=6 (full 0):
 garbage-first heap   total 58368K, used 16048K [0x0000000780000000, 0x0000000800000000)
  region size 1024K, 4 young (4096K), 4 survivors (4096K)
 Metaspace       used 24187K, capacity 25348K, committed 25600K, reserved 1071104K
  class space    used 3305K, capacity 3782K, committed 3840K, reserved 1048576K
}
Event: 17.507 GC heap before
{Heap before GC invocations=6 (full 0):
 garbage-first heap   total 58368K, used 36528K [0x0000000780000000, 0x0000000800000000)
  region size 1024K, 24 young (24576K), 4 survivors (4096K)
 Metaspace       used 24742K, capacity 25944K, committed 26112K, reserved 1071104K
  class space    used 3306K, capacity 3782K, committed 3840K, reserved 1048576K
}
Event: 17.531 GC heap after
{Heap after GC invocations=7 (full 0):
 garbage-first heap   total 58368K, used 15840K [0x0000000780000000, 0x0000000800000000)
  region size 1024K, 2 young (2048K), 2 survivors (2048K)
 Metaspace       used 24742K, capacity 25944K, committed 26112K, reserved 1071104K
  class space    used 3306K, capacity 3782K, committed 3840K, reserved 1048576K
}
Event: 39.674 GC heap before
{Heap before GC invocations=7 (full 0):
 garbage-first heap   total 58368K, used 38368K [0x0000000780000000, 0x0000000800000000)
  region size 1024K, 24 young (24576K), 2 survivors (2048K)
 Metaspace       used 25580K, capacity 26797K, committed 26880K, reserved 1073152K
  class space    used 3326K, capacity 3828K, committed 3840K, reserved 1048576K
}
Event: 39.679 GC heap after
{Heap after GC invocations=8 (full 0):
 garbage-first heap   total 58368K, used 16001K [0x0000000780000000, 0x0000000800000000)
  region size 1024K, 2 young (2048K), 2 survivors (2048K)
 Metaspace       used 25580K, capacity 26797K, committed 26880K, reserved 1073152K
  class space    used 3326K, capacity 3828K, committed 3840K, reserved 1048576K
}

