# JRE version: Java(TM) SE Runtime Environment (12.0.2+10) (build 12.0.2+10)
# Java VM: Java HotSpot(TM) 64-Bit Server VM (12.0.2+10, mixed mode, sharing, tiered, compressed oops, g1 gc, bsd-amd64)
Heap:
 garbage-first heap   total 48128K, used 30170K [0x0000000780000000, 0x0000000800000000)
  region size 1024K, 15 young (15360K), 2 survivors (2048K)
 Metaspace       used 27186K, capacity 28498K, committed 28720K, reserved 1075200K
  class space    used 3384K, capacity 3889K, committed 3968K, reserved 1048576K
GC Heap History (10 events):
Event: 110.362 GC heap before
{Heap before GC invocations=9 (full 0):
 garbage-first heap   total 48128K, used 34005K [0x0000000780000000, 0x0000000800000000)
  region size 1024K, 19 young (19456K), 3 survivors (3072K)
 Metaspace       used 26691K, capacity 27950K, committed 28208K, reserved 1073152K
  class space    used 3378K, capacity 3886K, committed 3968K, reserved 1048576K
}
Event: 110.366 GC heap after
{Heap after GC invocations=10 (full 0):
 garbage-first heap   total 48128K, used 17014K [0x0000000780000000, 0x0000000800000000)
  region size 1024K, 1 young (1024K), 1 survivors (1024K)
 Metaspace       used 26691K, capacity 27950K, committed 28208K, reserved 1073152K
  class space    used 3378K, capacity 3886K, committed 3968K, reserved 1048576K
}
Event: 115.463 GC heap before
{Heap before GC invocations=10 (full 0):
 garbage-first heap   total 48128K, used 34422K [0x0000000780000000, 0x0000000800000000)
  region size 1024K, 18 young (18432K), 1 survivors (1024K)
 Metaspace       used 26856K, capacity 28108K, committed 28208K, reserved 1073152K
  class space    used 3380K, capacity 3889K, committed 3968K, reserved 1048576K
}
Event: 115.468 GC heap after
{Heap after GC invocations=11 (full 0):
 garbage-first heap   total 48128K, used 17390K [0x0000000780000000, 0x0000000800000000)
  region size 1024K, 2 young (2048K), 2 survivors (2048K)
 Metaspace       used 26856K, capacity 28108K, committed 28208K, reserved 1073152K
  class space    used 3380K, capacity 3889K, committed 3968K, reserved 1048576K
}
Event: 115.999 GC heap before
{Heap before GC invocations=11 (full 0):
 garbage-first heap   total 48128K, used 34798K [0x0000000780000000, 0x0000000800000000)
  region size 1024K, 19 young (19456K), 2 survivors (2048K)
 Metaspace       used 26948K, capacity 28302K, committed 28464K, reserved 1073152K
  class space    used 3380K, capacity 3889K, committed 3968K, reserved 1048576K
}
Event: 116.006 GC heap after
{Heap after GC invocations=12 (full 0):
 garbage-first heap   total 48128K, used 18034K [0x0000000780000000, 0x0000000800000000)
  region size 1024K, 2 young (2048K), 2 survivors (2048K)
 Metaspace       used 26948K, capacity 28302K, committed 28464K, reserved 1073152K
  class space    used 3380K, capacity 3889K, committed 3968K, reserved 1048576K
}
Event: 116.582 GC heap before
{Heap before GC invocations=12 (full 0):
 garbage-first heap   total 48128K, used 35442K [0x0000000780000000, 0x0000000800000000)
  region size 1024K, 19 young (19456K), 2 survivors (2048K)
 Metaspace       used 27017K, capacity 28302K, committed 28464K, reserved 1073152K
  class space    used 3380K, capacity 3889K, committed 3968K, reserved 1048576K
}
Event: 116.587 GC heap after
{Heap after GC invocations=13 (full 0):
 garbage-first heap   total 48128K, used 17672K [0x0000000780000000, 0x0000000800000000)
  region size 1024K, 2 young (2048K), 2 survivors (2048K)
 Metaspace       used 27017K, capacity 28302K, committed 28464K, reserved 1073152K
  class space    used 3380K, capacity 3889K, committed 3968K, reserved 1048576K
}
Event: 117.300 GC heap before
{Heap before GC invocations=13 (full 0):
 garbage-first heap   total 48128K, used 35080K [0x0000000780000000, 0x0000000800000000)
  region size 1024K, 19 young (19456K), 2 survivors (2048K)
 Metaspace       used 27064K, capacity 28368K, committed 28464K, reserved 1073152K
  class space    used 3380K, capacity 3889K, committed 3968K, reserved 1048576K
}
Event: 117.307 GC heap after
{Heap after GC invocations=14 (full 0):
 garbage-first heap   total 48128K, used 17882K [0x0000000780000000, 0x0000000800000000)
  region size 1024K, 2 young (2048K), 2 survivors (2048K)
 Metaspace       used 27064K, capacity 28368K, committed 28464K, reserved 1073152K
  class space    used 3380K, capacity 3889K, committed 3968K, reserved 1048576K
}

