# JRE version: Java(TM) SE Runtime Environment (12.0.2+10) (build 12.0.2+10)
# Java VM: Java HotSpot(TM) 64-Bit Server VM (12.0.2+10, mixed mode, sharing, tiered, compressed oops, g1 gc, bsd-amd64)
Heap:
 garbage-first heap   total 61440K, used 28316K [0x0000000780000000, 0x0000000800000000)
  region size 1024K, 13 young (13312K), 2 survivors (2048K)
 Metaspace       used 25824K, capacity 27130K, committed 27264K, reserved 1073152K
  class space    used 3378K, capacity 3897K, committed 3968K, reserved 1048576K
GC Heap History (10 events):
Event: 62.924 GC heap before
{Heap before GC invocations=5 (full 0):
 garbage-first heap   total 51200K, used 40330K [0x0000000780000000, 0x0000000800000000)
  region size 1024K, 30 young (30720K), 5 survivors (5120K)
 Metaspace       used 24086K, capacity 25271K, committed 25344K, reserved 1071104K
  class space    used 3350K, capacity 3835K, committed 3840K, reserved 1048576K
}
Event: 62.951 GC heap after
{Heap after GC invocations=6 (full 0):
 garbage-first heap   total 61440K, used 17749K [0x0000000780000000, 0x0000000800000000)
  region size 1024K, 3 young (3072K), 3 survivors (3072K)
 Metaspace       used 24086K, capacity 25271K, committed 25344K, reserved 1071104K
  class space    used 3350K, capacity 3835K, committed 3840K, reserved 1048576K
}
Event: 67.763 GC heap before
{Heap before GC invocations=6 (full 0):
 garbage-first heap   total 61440K, used 42325K [0x0000000780000000, 0x0000000800000000)
  region size 1024K, 27 young (27648K), 3 survivors (3072K)
 Metaspace       used 24798K, capacity 26083K, committed 26240K, reserved 1071104K
  class space    used 3376K, capacity 3897K, committed 3968K, reserved 1048576K
}
Event: 67.773 GC heap after
{Heap after GC invocations=7 (full 0):
 garbage-first heap   total 61440K, used 18026K [0x0000000780000000, 0x0000000800000000)
  region size 1024K, 2 young (2048K), 2 survivors (2048K)
 Metaspace       used 24798K, capacity 26083K, committed 26240K, reserved 1071104K
  class space    used 3376K, capacity 3897K, committed 3968K, reserved 1048576K
}
Event: 68.771 GC heap before
{Heap before GC invocations=7 (full 0):
 garbage-first heap   total 61440K, used 42602K [0x0000000780000000, 0x0000000800000000)
  region size 1024K, 26 young (26624K), 2 survivors (2048K)
 Metaspace       used 25300K, capacity 26599K, committed 26752K, reserved 1073152K
  class space    used 3376K, capacity 3897K, committed 3968K, reserved 1048576K
}
Event: 68.774 GC heap after
{Heap after GC invocations=8 (full 0):
 garbage-first heap   total 61440K, used 17850K [0x0000000780000000, 0x0000000800000000)
  region size 1024K, 2 young (2048K), 2 survivors (2048K)
 Metaspace       used 25300K, capacity 26599K, committed 26752K, reserved 1073152K
  class space    used 3376K, capacity 3897K, committed 3968K, reserved 1048576K
}
Event: 74.635 GC heap before
{Heap before GC invocations=8 (full 0):
 garbage-first heap   total 61440K, used 43450K [0x0000000780000000, 0x0000000800000000)
  region size 1024K, 27 young (27648K), 2 survivors (2048K)
 Metaspace       used 25570K, capacity 26867K, committed 27008K, reserved 1073152K
  class space    used 3378K, capacity 3897K, committed 3968K, reserved 1048576K
}
Event: 74.643 GC heap after
{Heap after GC invocations=9 (full 0):
 garbage-first heap   total 61440K, used 19099K [0x0000000780000000, 0x0000000800000000)
  region size 1024K, 3 young (3072K), 3 survivors (3072K)
 Metaspace       used 25570K, capacity 26867K, committed 27008K, reserved 1073152K
  class space    used 3378K, capacity 3897K, committed 3968K, reserved 1048576K
}
Event: 78.433 GC heap before
{Heap before GC invocations=9 (full 0):
 garbage-first heap   total 61440K, used 44699K [0x0000000780000000, 0x0000000800000000)
  region size 1024K, 29 young (29696K), 3 survivors (3072K)
 Metaspace       used 25781K, capacity 27066K, committed 27264K, reserved 1073152K
  class space    used 3378K, capacity 3897K, committed 3968K, reserved 1048576K
}
Event: 78.438 GC heap after
{Heap after GC invocations=10 (full 0):
 garbage-first heap   total 61440K, used 18076K [0x0000000780000000, 0x0000000800000000)
  region size 1024K, 2 young (2048K), 2 survivors (2048K)
 Metaspace       used 25781K, capacity 27066K, committed 27264K, reserved 1073152K
  class space    used 3378K, capacity 3897K, committed 3968K, reserved 1048576K
}

