# JRE version: Java(TM) SE Runtime Environment (12.0.2+10) (build 12.0.2+10)
# Java VM: Java HotSpot(TM) 64-Bit Server VM (12.0.2+10, mixed mode, sharing, tiered, compressed oops, g1 gc, bsd-amd64)
Heap:
 garbage-first heap   total 55296K, used 34662K [0x0000000780000000, 0x0000000800000000)
  region size 1024K, 22 young (22528K), 2 survivors (2048K)
 Metaspace       used 23542K, capacity 24728K, committed 24880K, reserved 1071104K
  class space    used 3302K, capacity 3813K, committed 3888K, reserved 1048576K
GC Heap History (8 events):
Event: 1.385 GC heap before
{Heap before GC invocations=0 (full 0):
 garbage-first heap   total 133120K, used 15072K [0x0000000780000000, 0x0000000800000000)
  region size 1024K, 14 young (14336K), 0 survivors (0K)
 Metaspace       used 4180K, capacity 6966K, committed 7296K, reserved 1056768K
  class space    used 473K, capacity 773K, committed 896K, reserved 1048576K
}
Event: 1.403 GC heap after
{Heap after GC invocations=1 (full 0):
 garbage-first heap   total 133120K, used 4963K [0x0000000780000000, 0x0000000800000000)
  region size 1024K, 2 young (2048K), 2 survivors (2048K)
 Metaspace       used 4180K, capacity 6966K, committed 7296K, reserved 1056768K
  class space    used 473K, capacity 773K, committed 896K, reserved 1048576K
}
Event: 1.982 GC heap before
{Heap before GC invocations=1 (full 0):
 garbage-first heap   total 133120K, used 16227K [0x0000000780000000, 0x0000000800000000)
  region size 1024K, 13 young (13312K), 2 survivors (2048K)
 Metaspace       used 7006K, capacity 9355K, committed 9600K, reserved 1058816K
  class space    used 769K, capacity 1036K, committed 1152K, reserved 1048576K
}
Event: 1.994 GC heap after
{Heap after GC invocations=2 (full 0):
 garbage-first heap   total 133120K, used 5516K [0x0000000780000000, 0x0000000800000000)
  region size 1024K, 1 young (1024K), 1 survivors (1024K)
 Metaspace       used 7006K, capacity 9355K, committed 9600K, reserved 1058816K
  class space    used 769K, capacity 1036K, committed 1152K, reserved 1048576K
}
Event: 3.858 GC heap before
{Heap before GC invocations=2 (full 0):
 garbage-first heap   total 133120K, used 35212K [0x0000000780000000, 0x0000000800000000)
  region size 1024K, 31 young (31744K), 1 survivors (1024K)
 Metaspace       used 14821K, capacity 15445K, committed 15744K, reserved 1062912K
  class space    used 1904K, capacity 2102K, committed 2176K, reserved 1048576K
}
Event: 3.871 GC heap after
{Heap after GC invocations=3 (full 0):
 garbage-first heap   total 133120K, used 8911K [0x0000000780000000, 0x0000000800000000)
  region size 1024K, 4 young (4096K), 4 survivors (4096K)
 Metaspace       used 14821K, capacity 15445K, committed 15744K, reserved 1062912K
  class space    used 1904K, capacity 2102K, committed 2176K, reserved 1048576K
}
Event: 5.563 GC heap before
{Heap before GC invocations=3 (full 0):
 garbage-first heap   total 133120K, used 31439K [0x0000000780000000, 0x0000000800000000)
  region size 1024K, 25 young (25600K), 4 survivors (4096K)
 Metaspace       used 20247K, capacity 21210K, committed 21296K, reserved 1067008K
  class space    used 2926K, capacity 3329K, committed 3376K, reserved 1048576K
}
Event: 5.583 GC heap after
{Heap after GC invocations=4 (full 0):
 garbage-first heap   total 133120K, used 13158K [0x0000000780000000, 0x0000000800000000)
  region size 1024K, 2 young (2048K), 2 survivors (2048K)
 Metaspace       used 20247K, capacity 21210K, committed 21296K, reserved 1067008K
  class space    used 2926K, capacity 3329K, committed 3376K, reserved 1048576K
}

