# JRE version: Java(TM) SE Runtime Environment (12.0.2+10) (build 12.0.2+10)
# Java VM: Java HotSpot(TM) 64-Bit Server VM (12.0.2+10, mixed mode, sharing, tiered, compressed oops, g1 gc, bsd-amd64)
Heap:
 garbage-first heap   total 86016K, used 38933K [0x0000000780000000, 0x0000000800000000)
  region size 1024K, 16 young (16384K), 4 survivors (4096K)
 Metaspace       used 26246K, capacity 27463K, committed 27776K, reserved 1073152K
  class space    used 3461K, capacity 3955K, committed 3968K, reserved 1048576K
GC Heap History (10 events):
Event: 1.553 GC heap before
{Heap before GC invocations=0 (full 0):
 garbage-first heap   total 133120K, used 14048K [0x0000000780000000, 0x0000000800000000)
  region size 1024K, 14 young (14336K), 0 survivors (0K)
 Metaspace       used 4048K, capacity 6902K, committed 7296K, reserved 1056768K
  class space    used 469K, capacity 773K, committed 896K, reserved 1048576K
}
Event: 1.591 GC heap after
{Heap after GC invocations=1 (full 0):
 garbage-first heap   total 133120K, used 5343K [0x0000000780000000, 0x0000000800000000)
  region size 1024K, 2 young (2048K), 2 survivors (2048K)
 Metaspace       used 4048K, capacity 6902K, committed 7296K, reserved 1056768K
  class space    used 469K, capacity 773K, committed 896K, reserved 1048576K
}
Event: 2.562 GC heap before
{Heap before GC invocations=1 (full 0):
 garbage-first heap   total 133120K, used 16607K [0x0000000780000000, 0x0000000800000000)
  region size 1024K, 13 young (13312K), 2 survivors (2048K)
 Metaspace       used 7006K, capacity 9355K, committed 9600K, reserved 1058816K
  class space    used 774K, capacity 1036K, committed 1152K, reserved 1048576K
}
Event: 2.576 GC heap after
{Heap after GC invocations=2 (full 0):
 garbage-first heap   total 133120K, used 6145K [0x0000000780000000, 0x0000000800000000)
  region size 1024K, 1 young (1024K), 1 survivors (1024K)
 Metaspace       used 7006K, capacity 9355K, committed 9600K, reserved 1058816K
  class space    used 774K, capacity 1036K, committed 1152K, reserved 1048576K
}
Event: 4.430 GC heap before
{Heap before GC invocations=2 (full 0):
 garbage-first heap   total 133120K, used 27649K [0x0000000780000000, 0x0000000800000000)
  region size 1024K, 22 young (22528K), 1 survivors (1024K)
 Metaspace       used 12048K, capacity 13066K, committed 13184K, reserved 1060864K
  class space    used 1397K, capacity 1618K, committed 1664K, reserved 1048576K
}
Event: 4.437 GC heap after
{Heap after GC invocations=3 (full 0):
 garbage-first heap   total 133120K, used 7567K [0x0000000780000000, 0x0000000800000000)
  region size 1024K, 2 young (2048K), 2 survivors (2048K)
 Metaspace       used 12048K, capacity 13066K, committed 13184K, reserved 1060864K
  class space    used 1397K, capacity 1618K, committed 1664K, reserved 1048576K
}
Event: 7.501 GC heap before
{Heap before GC invocations=3 (full 0):
 garbage-first heap   total 133120K, used 49551K [0x0000000780000000, 0x0000000800000000)
  region size 1024K, 35 young (35840K), 2 survivors (2048K)
 Metaspace       used 20312K, capacity 21132K, committed 21248K, reserved 1067008K
  class space    used 2657K, capacity 2987K, committed 3072K, reserved 1048576K
}
Event: 7.536 GC heap after
{Heap after GC invocations=4 (full 0):
 garbage-first heap   total 133120K, used 22317K [0x0000000780000000, 0x0000000800000000)
  region size 1024K, 5 young (5120K), 5 survivors (5120K)
 Metaspace       used 20312K, capacity 21132K, committed 21248K, reserved 1067008K
  class space    used 2657K, capacity 2987K, committed 3072K, reserved 1048576K
}
Event: 9.357 GC heap before
{Heap before GC invocations=5 (full 0):
 garbage-first heap   total 86016K, used 47917K [0x0000000780000000, 0x0000000800000000)
  region size 1024K, 28 young (28672K), 5 survivors (5120K)
 Metaspace       used 24332K, capacity 25531K, committed 25600K, reserved 1071104K
  class space    used 3331K, capacity 3811K, committed 3840K, reserved 1048576K
}
Event: 9.390 GC heap after
{Heap after GC invocations=6 (full 0):
 garbage-first heap   total 86016K, used 27669K [0x0000000780000000, 0x0000000800000000)
  region size 1024K, 4 young (4096K), 4 survivors (4096K)
 Metaspace       used 24332K, capacity 25531K, committed 25600K, reserved 1071104K
  class space    used 3331K, capacity 3811K, committed 3840K, reserved 1048576K
}

