# JRE version: Java(TM) SE Runtime Environment (12.0.2+10) (build 12.0.2+10)
# Java VM: Java HotSpot(TM) 64-Bit Server VM (12.0.2+10, mixed mode, sharing, tiered, compressed oops, g1 gc, bsd-amd64)
Heap:
 garbage-first heap   total 48128K, used 36749K [0x0000000780000000, 0x0000000800000000)
  region size 1024K, 26 young (26624K), 2 survivors (2048K)
 Metaspace       used 24470K, capacity 25643K, committed 25856K, reserved 1071104K
  class space    used 3344K, capacity 3838K, committed 3840K, reserved 1048576K
GC Heap History (8 events):
Event: 1.903 GC heap before
{Heap before GC invocations=0 (full 0):
 garbage-first heap   total 133120K, used 15072K [0x0000000780000000, 0x0000000800000000)
  region size 1024K, 14 young (14336K), 0 survivors (0K)
 Metaspace       used 4178K, capacity 6966K, committed 7296K, reserved 1056768K
  class space    used 473K, capacity 773K, committed 896K, reserved 1048576K
}
Event: 1.924 GC heap after
{Heap after GC invocations=1 (full 0):
 garbage-first heap   total 133120K, used 4985K [0x0000000780000000, 0x0000000800000000)
  region size 1024K, 2 young (2048K), 2 survivors (2048K)
 Metaspace       used 4178K, capacity 6966K, committed 7296K, reserved 1056768K
  class space    used 473K, capacity 773K, committed 896K, reserved 1048576K
}
Event: 2.980 GC heap before
{Heap before GC invocations=1 (full 0):
 garbage-first heap   total 133120K, used 16249K [0x0000000780000000, 0x0000000800000000)
  region size 1024K, 13 young (13312K), 2 survivors (2048K)
 Metaspace       used 7005K, capacity 9355K, committed 9600K, reserved 1058816K
  class space    used 769K, capacity 1036K, committed 1152K, reserved 1048576K
}
Event: 2.989 GC heap after
{Heap after GC invocations=2 (full 0):
 garbage-first heap   total 133120K, used 5611K [0x0000000780000000, 0x0000000800000000)
  region size 1024K, 1 young (1024K), 1 survivors (1024K)
 Metaspace       used 7005K, capacity 9355K, committed 9600K, reserved 1058816K
  class space    used 769K, capacity 1036K, committed 1152K, reserved 1048576K
}
Event: 6.343 GC heap before
{Heap before GC invocations=2 (full 0):
 garbage-first heap   total 133120K, used 40427K [0x0000000780000000, 0x0000000800000000)
  region size 1024K, 35 young (35840K), 1 survivors (1024K)
 Metaspace       used 15898K, capacity 16449K, committed 16640K, reserved 1062912K
  class space    used 2012K, capacity 2218K, committed 2304K, reserved 1048576K
}
Event: 6.354 GC heap after
{Heap after GC invocations=3 (full 0):
 garbage-first heap   total 133120K, used 9293K [0x0000000780000000, 0x0000000800000000)
  region size 1024K, 5 young (5120K), 5 survivors (5120K)
 Metaspace       used 15898K, capacity 16449K, committed 16640K, reserved 1062912K
  class space    used 2012K, capacity 2218K, committed 2304K, reserved 1048576K
}
Event: 8.467 GC heap before
{Heap before GC invocations=3 (full 0):
 garbage-first heap   total 133120K, used 25677K [0x0000000780000000, 0x0000000800000000)
  region size 1024K, 22 young (22528K), 5 survivors (5120K)
 Metaspace       used 20215K, capacity 21103K, committed 21248K, reserved 1067008K
  class space    used 2857K, capacity 3229K, committed 3328K, reserved 1048576K
}
Event: 8.491 GC heap after
{Heap after GC invocations=4 (full 0):
 garbage-first heap   total 133120K, used 11149K [0x0000000780000000, 0x0000000800000000)
  region size 1024K, 2 young (2048K), 2 survivors (2048K)
 Metaspace       used 20215K, capacity 21103K, committed 21248K, reserved 1067008K
  class space    used 2857K, capacity 3229K, committed 3328K, reserved 1048576K
}

