# JRE version: Java(TM) SE Runtime Environment 18.9 (11.0.17+10) (build 11.0.17+10-LTS-269)
# Java VM: Java HotSpot(TM) 64-Bit Server VM 18.9 (11.0.17+10-LTS-269, mixed mode, tiered, compressed oops, g1 gc, windows-amd64)
Heap:
 garbage-first heap   total 504832K, used 364415K [0x00000000c0000000, 0x0000000100000000)
  region size 1024K, 179 young (183296K), 3 survivors (3072K)
 Metaspace       used 124850K, capacity 129307K, committed 226340K, reserved 700416K
  class space    used 14886K, capacity 16518K, committed 42112K, reserved 516096K
GC Heap History (10 events):
Event: 18184.654 GC heap before
{Heap before GC invocations=1183 (full 0):
 garbage-first heap   total 504832K, used 268483K [0x00000000c0000000, 0x0000000100000000)
  region size 1024K, 24 young (24576K), 14 survivors (14336K)
 Metaspace       used 126694K, capacity 131668K, committed 228388K, reserved 702464K
  class space    used 15162K, capacity 16954K, committed 42112K, reserved 516096K
}
Event: 18184.713 GC heap after
{Heap after GC invocations=1184 (full 0):
 garbage-first heap   total 504832K, used 210202K [0x00000000c0000000, 0x0000000100000000)
  region size 1024K, 2 young (2048K), 2 survivors (2048K)
 Metaspace       used 126694K, capacity 131668K, committed 228388K, reserved 702464K
  class space    used 15162K, capacity 16954K, committed 42112K, reserved 516096K
}
Event: 18184.980 GC heap before
{Heap before GC invocations=1184 (full 0):
 garbage-first heap   total 504832K, used 231706K [0x00000000c0000000, 0x0000000100000000)
  region size 1024K, 24 young (24576K), 2 survivors (2048K)
 Metaspace       used 128315K, capacity 133403K, committed 228388K, reserved 702464K
  class space    used 15331K, capacity 17195K, committed 42112K, reserved 516096K
}
Event: 18185.024 GC heap after
{Heap after GC invocations=1185 (full 0):
 garbage-first heap   total 504832K, used 187863K [0x00000000c0000000, 0x0000000100000000)
  region size 1024K, 3 young (3072K), 3 survivors (3072K)
 Metaspace       used 128315K, capacity 133403K, committed 228388K, reserved 702464K
  class space    used 15331K, capacity 17195K, committed 42112K, reserved 516096K
}
Event: 18186.812 GC heap before
{Heap before GC invocations=1185 (full 0):
 garbage-first heap   total 504832K, used 422359K [0x00000000c0000000, 0x0000000100000000)
  region size 1024K, 233 young (238592K), 3 survivors (3072K)
 Metaspace       used 135001K, capacity 140343K, committed 228388K, reserved 702464K
  class space    used 16273K, capacity 18220K, committed 42112K, reserved 516096K
}
Event: 18186.844 GC heap after
{Heap after GC invocations=1186 (full 0):
 garbage-first heap   total 504832K, used 198162K [0x00000000c0000000, 0x0000000100000000)
  region size 1024K, 14 young (14336K), 14 survivors (14336K)
 Metaspace       used 135001K, capacity 140343K, committed 228388K, reserved 702464K
  class space    used 16273K, capacity 18220K, committed 42112K, reserved 516096K
}
Event: 18188.718 GC heap before
{Heap before GC invocations=1187 (full 0):
 garbage-first heap   total 504832K, used 419899K [0x00000000c0000000, 0x0000000100000000)
  region size 1024K, 232 young (237568K), 14 survivors (14336K)
 Metaspace       used 124491K, capacity 128940K, committed 226340K, reserved 700416K
  class space    used 14882K, capacity 16511K, committed 42112K, reserved 516096K
}
Event: 18188.739 GC heap after
{Heap after GC invocations=1188 (full 0):
 garbage-first heap   total 504832K, used 204507K [0x00000000c0000000, 0x0000000100000000)
  region size 1024K, 20 young (20480K), 20 survivors (20480K)
 Metaspace       used 124491K, capacity 128940K, committed 226340K, reserved 700416K
  class space    used 14882K, capacity 16511K, committed 42112K, reserved 516096K
}
Event: 18188.752 GC heap before
{Heap before GC invocations=1188 (full 0):
 garbage-first heap   total 504832K, used 208603K [0x00000000c0000000, 0x0000000100000000)
  region size 1024K, 24 young (24576K), 20 survivors (20480K)
 Metaspace       used 124491K, capacity 128940K, committed 226340K, reserved 700416K
  class space    used 14882K, capacity 16511K, committed 42112K, reserved 516096K
}
Event: 18188.837 GC heap after
{Heap after GC invocations=1189 (full 0):
 garbage-first heap   total 504832K, used 185215K [0x00000000c0000000, 0x0000000100000000)
  region size 1024K, 3 young (3072K), 3 survivors (3072K)
 Metaspace       used 124491K, capacity 128940K, committed 226340K, reserved 700416K
  class space    used 14882K, capacity 16511K, committed 42112K, reserved 516096K
}

