# JRE version: OpenJDK Runtime Environment AdoptOpenJDK-11.0.11+9 (11.0.11+9) (build 11.0.11+9)
# Java VM: OpenJDK 64-Bit Server VM AdoptOpenJDK-11.0.11+9 (11.0.11+9, mixed mode, tiered, compressed oops, g1 gc, bsd-amd64)
Heap:
 garbage-first heap   total 524288K, used 25496K [0x0000000600000000, 0x0000000800000000)
  region size 2048K, 10 young (20480K), 3 survivors (6144K)
 Metaspace       used 32419K, capacity 33674K, committed 34096K, reserved 1079296K
  class space    used 4102K, capacity 4612K, committed 4736K, reserved 1048576K
GC Heap History (6 events):
Event: 0.989 GC heap before
{Heap before GC invocations=0 (full 0):
 garbage-first heap   total 524288K, used 22528K [0x0000000600000000, 0x0000000800000000)
  region size 2048K, 12 young (24576K), 0 survivors (0K)
 Metaspace       used 14601K, capacity 14938K, committed 15232K, reserved 1062912K
  class space    used 1424K, capacity 1577K, committed 1664K, reserved 1048576K
}
Event: 1.003 GC heap after
{Heap after GC invocations=1 (full 0):
 garbage-first heap   total 524288K, used 5165K [0x0000000600000000, 0x0000000800000000)
  region size 2048K, 2 young (4096K), 2 survivors (4096K)
 Metaspace       used 14601K, capacity 14938K, committed 15232K, reserved 1062912K
  class space    used 1424K, capacity 1577K, committed 1664K, reserved 1048576K
}
Event: 1.452 GC heap before
{Heap before GC invocations=1 (full 0):
 garbage-first heap   total 524288K, used 19501K [0x0000000600000000, 0x0000000800000000)
  region size 2048K, 11 young (22528K), 2 survivors (4096K)
 Metaspace       used 20526K, capacity 21040K, committed 21296K, reserved 1069056K
  class space    used 2225K, capacity 2410K, committed 2432K, reserved 1048576K
}
Event: 1.468 GC heap after
{Heap after GC invocations=2 (full 0):
 garbage-first heap   total 524288K, used 6610K [0x0000000600000000, 0x0000000800000000)
  region size 2048K, 1 young (2048K), 1 survivors (2048K)
 Metaspace       used 20526K, capacity 21040K, committed 21296K, reserved 1069056K
  class space    used 2225K, capacity 2410K, committed 2432K, reserved 1048576K
}
Event: 2.730 GC heap before
{Heap before GC invocations=3 (full 0):
 garbage-first heap   total 524288K, used 41426K [0x0000000600000000, 0x0000000800000000)
  region size 2048K, 19 young (38912K), 1 survivors (2048K)
 Metaspace       used 29759K, capacity 30930K, committed 31280K, reserved 1077248K
  class space    used 3903K, capacity 4378K, committed 4480K, reserved 1048576K
}
Event: 2.736 GC heap after
{Heap after GC invocations=4 (full 0):
 garbage-first heap   total 524288K, used 11160K [0x0000000600000000, 0x0000000800000000)
  region size 2048K, 3 young (6144K), 3 survivors (6144K)
 Metaspace       used 29759K, capacity 30930K, committed 31280K, reserved 1077248K
  class space    used 3903K, capacity 4378K, committed 4480K, reserved 1048576K
}

