# JRE version: OpenJDK Runtime Environment Temurin-11.0.13+8 (11.0.13+8) (build 11.0.13+8)
# Java VM: OpenJDK 64-Bit Server VM Temurin-11.0.13+8 (11.0.13+8, mixed mode, tiered, compressed oops, g1 gc, bsd-amd64)
Heap:
 garbage-first heap   total 131072K, used 24505K [0x0000000780000000, 0x0000000800000000)
  region size 1024K, 14 young (14336K), 4 survivors (4096K)
 Metaspace       used 33639K, capacity 35060K, committed 35248K, reserved 1079296K
  class space    used 4196K, capacity 4827K, committed 4864K, reserved 1048576K
GC Heap History (8 events):
Event: 1.614 GC heap before
{Heap before GC invocations=0 (full 0):
 garbage-first heap   total 131072K, used 13312K [0x0000000780000000, 0x0000000800000000)
  region size 1024K, 14 young (14336K), 0 survivors (0K)
 Metaspace       used 10068K, capacity 10417K, committed 10624K, reserved 1058816K
  class space    used 990K, capacity 1138K, committed 1152K, reserved 1048576K
}
Event: 1.629 GC heap after
{Heap after GC invocations=1 (full 0):
 garbage-first heap   total 131072K, used 3685K [0x0000000780000000, 0x0000000800000000)
  region size 1024K, 2 young (2048K), 2 survivors (2048K)
 Metaspace       used 10068K, capacity 10417K, committed 10624K, reserved 1058816K
  class space    used 990K, capacity 1138K, committed 1152K, reserved 1048576K
}
Event: 2.960 GC heap before
{Heap before GC invocations=1 (full 0):
 garbage-first heap   total 131072K, used 31333K [0x0000000780000000, 0x0000000800000000)
  region size 1024K, 30 young (30720K), 2 survivors (2048K)
 Metaspace       used 20512K, capacity 21051K, committed 21296K, reserved 1069056K
  class space    used 2185K, capacity 2413K, committed 2432K, reserved 1048576K
}
Event: 2.972 GC heap after
{Heap after GC invocations=2 (full 0):
 garbage-first heap   total 131072K, used 6757K [0x0000000780000000, 0x0000000800000000)
  region size 1024K, 5 young (5120K), 5 survivors (5120K)
 Metaspace       used 20512K, capacity 21051K, committed 21296K, reserved 1069056K
  class space    used 2185K, capacity 2413K, committed 2432K, reserved 1048576K
}
Event: 4.121 GC heap before
{Heap before GC invocations=3 (full 0):
 garbage-first heap   total 131072K, used 27237K [0x0000000780000000, 0x0000000800000000)
  region size 1024K, 25 young (25600K), 5 survivors (5120K)
 Metaspace       used 25390K, capacity 26097K, committed 26288K, reserved 1073152K
  class space    used 3023K, capacity 3297K, committed 3328K, reserved 1048576K
}
Event: 4.157 GC heap after
{Heap after GC invocations=4 (full 0):
 garbage-first heap   total 131072K, used 9539K [0x0000000780000000, 0x0000000800000000)
  region size 1024K, 4 young (4096K), 4 survivors (4096K)
 Metaspace       used 25390K, capacity 26097K, committed 26288K, reserved 1073152K
  class space    used 3023K, capacity 3297K, committed 3328K, reserved 1048576K
}
Event: 39.132 GC heap before
{Heap before GC invocations=4 (full 0):
 garbage-first heap   total 131072K, used 46403K [0x0000000780000000, 0x0000000800000000)
  region size 1024K, 38 young (38912K), 4 survivors (4096K)
 Metaspace       used 32816K, capacity 34182K, committed 34480K, reserved 1079296K
  class space    used 4163K, capacity 4757K, committed 4864K, reserved 1048576K
}
Event: 39.200 GC heap after
{Heap after GC invocations=5 (full 0):
 garbage-first heap   total 131072K, used 15289K [0x0000000780000000, 0x0000000800000000)
  region size 1024K, 4 young (4096K), 4 survivors (4096K)
 Metaspace       used 32816K, capacity 34182K, committed 34480K, reserved 1079296K
  class space    used 4163K, capacity 4757K, committed 4864K, reserved 1048576K
}

