# JRE version: Java(TM) SE Runtime Environment (12.0.2+10) (build 12.0.2+10)
# Java VM: Java HotSpot(TM) 64-Bit Server VM (12.0.2+10, mixed mode, sharing, tiered, compressed oops, g1 gc, bsd-amd64)
Heap:
 garbage-first heap   total 81920K, used 42019K [0x0000000780000000, 0x0000000800000000)
  region size 1024K, 17 young (17408K), 3 survivors (3072K)
 Metaspace       used 27167K, capacity 28497K, committed 28672K, reserved 1073152K
  class space    used 3488K, capacity 4002K, committed 4096K, reserved 1048576K
GC Heap History (10 events):
Event: 10.468 GC heap before
{Heap before GC invocations=3 (full 0):
 garbage-first heap   total 133120K, used 46486K [0x0000000780000000, 0x0000000800000000)
  region size 1024K, 32 young (32768K), 3 survivors (3072K)
 Metaspace       used 20304K, capacity 21180K, committed 21248K, reserved 1067008K
  class space    used 2680K, capacity 3022K, committed 3072K, reserved 1048576K
}
Event: 10.491 GC heap after
{Heap after GC invocations=4 (full 0):
 garbage-first heap   total 133120K, used 21756K [0x0000000780000000, 0x0000000800000000)
  region size 1024K, 5 young (5120K), 5 survivors (5120K)
 Metaspace       used 20304K, capacity 21180K, committed 21248K, reserved 1067008K
  class space    used 2680K, capacity 3022K, committed 3072K, reserved 1048576K
}
Event: 10.724 GC heap before
{Heap before GC invocations=5 (full 0):
 garbage-first heap   total 81920K, used 23804K [0x0000000780000000, 0x0000000800000000)
  region size 1024K, 7 young (7168K), 5 survivors (5120K)
 Metaspace       used 20490K, capacity 21352K, committed 21504K, reserved 1067008K
  class space    used 2715K, capacity 3058K, committed 3072K, reserved 1048576K
}
Event: 10.740 GC heap after
{Heap after GC invocations=6 (full 0):
 garbage-first heap   total 81920K, used 22705K [0x0000000780000000, 0x0000000800000000)
  region size 1024K, 1 young (1024K), 1 survivors (1024K)
 Metaspace       used 20490K, capacity 21352K, committed 21504K, reserved 1067008K
  class space    used 2715K, capacity 3058K, committed 3072K, reserved 1048576K
}
Event: 14.172 GC heap before
{Heap before GC invocations=6 (full 0):
 garbage-first heap   total 81920K, used 50353K [0x0000000780000000, 0x0000000800000000)
  region size 1024K, 22 young (22528K), 1 survivors (1024K)
 Metaspace       used 24422K, capacity 25615K, committed 25856K, reserved 1071104K
  class space    used 3320K, capacity 3772K, committed 3840K, reserved 1048576K
}
Event: 14.182 GC heap after
{Heap after GC invocations=7 (full 0):
 garbage-first heap   total 81920K, used 27175K [0x0000000780000000, 0x0000000800000000)
  region size 1024K, 3 young (3072K), 3 survivors (3072K)
 Metaspace       used 24422K, capacity 25615K, committed 25856K, reserved 1071104K
  class space    used 3320K, capacity 3772K, committed 3840K, reserved 1048576K
}
Event: 58.857 GC heap before
{Heap before GC invocations=7 (full 0):
 garbage-first heap   total 81920K, used 49703K [0x0000000780000000, 0x0000000800000000)
  region size 1024K, 24 young (24576K), 3 survivors (3072K)
 Metaspace       used 26407K, capacity 27733K, committed 27904K, reserved 1073152K
  class space    used 3476K, capacity 3990K, committed 4096K, reserved 1048576K
}
Event: 58.877 GC heap after
{Heap after GC invocations=8 (full 0):
 garbage-first heap   total 81920K, used 28097K [0x0000000780000000, 0x0000000800000000)
  region size 1024K, 2 young (2048K), 2 survivors (2048K)
 Metaspace       used 26407K, capacity 27733K, committed 27904K, reserved 1073152K
  class space    used 3476K, capacity 3990K, committed 4096K, reserved 1048576K
}
Event: 72.512 GC heap before
{Heap before GC invocations=8 (full 0):
 garbage-first heap   total 81920K, used 50625K [0x0000000780000000, 0x0000000800000000)
  region size 1024K, 24 young (24576K), 2 survivors (2048K)
 Metaspace       used 26837K, capacity 28081K, committed 28416K, reserved 1073152K
  class space    used 3479K, capacity 3995K, committed 4096K, reserved 1048576K
}
Event: 72.519 GC heap after
{Heap after GC invocations=9 (full 0):
 garbage-first heap   total 81920K, used 28707K [0x0000000780000000, 0x0000000800000000)
  region size 1024K, 3 young (3072K), 3 survivors (3072K)
 Metaspace       used 26837K, capacity 28081K, committed 28416K, reserved 1073152K
  class space    used 3479K, capacity 3995K, committed 4096K, reserved 1048576K
}

