# JRE version: Java(TM) SE Runtime Environment (12.0.2+10) (build 12.0.2+10)
# Java VM: Java HotSpot(TM) 64-Bit Server VM (12.0.2+10, mixed mode, sharing, tiered, compressed oops, g1 gc, bsd-amd64)
Heap:
 garbage-first heap   total 61440K, used 35915K [0x0000000780000000, 0x0000000800000000)
  region size 1024K, 19 young (19456K), 2 survivors (2048K)
 Metaspace       used 25696K, capacity 26976K, committed 27264K, reserved 1073152K
  class space    used 3365K, capacity 3885K, committed 3968K, reserved 1048576K
GC Heap History (10 events):
Event: 2.720 GC heap before
{Heap before GC invocations=2 (full 0):
 garbage-first heap   total 133120K, used 34025K [0x0000000780000000, 0x0000000800000000)
  region size 1024K, 30 young (30720K), 1 survivors (1024K)
 Metaspace       used 14876K, capacity 15621K, committed 16000K, reserved 1062912K
  class space    used 1902K, capacity 2084K, committed 2176K, reserved 1048576K
}
Event: 2.730 GC heap after
{Heap after GC invocations=3 (full 0):
 garbage-first heap   total 133120K, used 8843K [0x0000000780000000, 0x0000000800000000)
  region size 1024K, 4 young (4096K), 4 survivors (4096K)
 Metaspace       used 14876K, capacity 15621K, committed 16000K, reserved 1062912K
  class space    used 1902K, capacity 2084K, committed 2176K, reserved 1048576K
}
Event: 4.055 GC heap before
{Heap before GC invocations=3 (full 0):
 garbage-first heap   total 133120K, used 29323K [0x0000000780000000, 0x0000000800000000)
  region size 1024K, 24 young (24576K), 4 survivors (4096K)
 Metaspace       used 20150K, capacity 21089K, committed 21248K, reserved 1067008K
  class space    used 2896K, capacity 3264K, committed 3328K, reserved 1048576K
}
Event: 4.069 GC heap after
{Heap after GC invocations=4 (full 0):
 garbage-first heap   total 133120K, used 12855K [0x0000000780000000, 0x0000000800000000)
  region size 1024K, 2 young (2048K), 2 survivors (2048K)
 Metaspace       used 20150K, capacity 21089K, committed 21248K, reserved 1067008K
  class space    used 2896K, capacity 3264K, committed 3328K, reserved 1048576K
}
Event: 9.437 GC heap before
{Heap before GC invocations=5 (full 0):
 garbage-first heap   total 51200K, used 43575K [0x0000000780000000, 0x0000000800000000)
  region size 1024K, 30 young (30720K), 2 survivors (2048K)
 Metaspace       used 24305K, capacity 25563K, committed 25600K, reserved 1071104K
  class space    used 3329K, capacity 3835K, committed 3840K, reserved 1048576K
}
Event: 9.454 GC heap after
{Heap after GC invocations=6 (full 0):
 garbage-first heap   total 61440K, used 16970K [0x0000000780000000, 0x0000000800000000)
  region size 1024K, 4 young (4096K), 4 survivors (4096K)
 Metaspace       used 24305K, capacity 25563K, committed 25600K, reserved 1071104K
  class space    used 3329K, capacity 3835K, committed 3840K, reserved 1048576K
}
Event: 15.598 GC heap before
{Heap before GC invocations=6 (full 0):
 garbage-first heap   total 61440K, used 40522K [0x0000000780000000, 0x0000000800000000)
  region size 1024K, 27 young (27648K), 4 survivors (4096K)
 Metaspace       used 25002K, capacity 26251K, committed 26496K, reserved 1071104K
  class space    used 3342K, capacity 3845K, committed 3968K, reserved 1048576K
}
Event: 15.607 GC heap after
{Heap after GC invocations=7 (full 0):
 garbage-first heap   total 61440K, used 17693K [0x0000000780000000, 0x0000000800000000)
  region size 1024K, 2 young (2048K), 2 survivors (2048K)
 Metaspace       used 25002K, capacity 26251K, committed 26496K, reserved 1071104K
  class space    used 3342K, capacity 3845K, committed 3968K, reserved 1048576K
}
Event: 21.123 GC heap before
{Heap before GC invocations=7 (full 0):
 garbage-first heap   total 61440K, used 41245K [0x0000000780000000, 0x0000000800000000)
  region size 1024K, 25 young (25600K), 2 survivors (2048K)
 Metaspace       used 25312K, capacity 26577K, committed 27008K, reserved 1073152K
  class space    used 3342K, capacity 3845K, committed 3968K, reserved 1048576K
}
Event: 21.127 GC heap after
{Heap after GC invocations=8 (full 0):
 garbage-first heap   total 61440K, used 17483K [0x0000000780000000, 0x0000000800000000)
  region size 1024K, 2 young (2048K), 2 survivors (2048K)
 Metaspace       used 25312K, capacity 26577K, committed 27008K, reserved 1073152K
  class space    used 3342K, capacity 3845K, committed 3968K, reserved 1048576K
}

