# JRE version: Java(TM) SE Runtime Environment 18.9 (11.0.17+10) (build 11.0.17+10-LTS-269)
# Java VM: Java HotSpot(TM) 64-Bit Server VM 18.9 (11.0.17+10-LTS-269, mixed mode, tiered, compressed oops, g1 gc, windows-amd64)
Heap:
 garbage-first heap   total 260096K, used 66661K [0x0000000703200000, 0x0000000800000000)
  region size 1024K, 57 young (58368K), 2 survivors (2048K)
 Metaspace       used 32635K, capacity 33989K, committed 34172K, reserved 1079296K
  class space    used 4187K, capacity 4764K, committed 4812K, reserved 1048576K
GC Heap History (6 events):
Event: 0.894 GC heap before
{Heap before GC invocations=0 (full 0):
 garbage-first heap   total 260096K, used 23552K [0x0000000703200000, 0x0000000800000000)
  region size 1024K, 24 young (24576K), 0 survivors (0K)
 Metaspace       used 14060K, capacity 14358K, committed 14592K, reserved 1062912K
  class space    used 1371K, capacity 1484K, committed 1536K, reserved 1048576K
}
Event: 0.898 GC heap after
{Heap after GC invocations=1 (full 0):
 garbage-first heap   total 260096K, used 5938K [0x0000000703200000, 0x0000000800000000)
  region size 1024K, 3 young (3072K), 3 survivors (3072K)
 Metaspace       used 14060K, capacity 14358K, committed 14592K, reserved 1062912K
  class space    used 1371K, capacity 1484K, committed 1536K, reserved 1048576K
}
Event: 1.663 GC heap before
{Heap before GC invocations=1 (full 0):
 garbage-first heap   total 260096K, used 23346K [0x0000000703200000, 0x0000000800000000)
  region size 1024K, 20 young (20480K), 3 survivors (3072K)
 Metaspace       used 18592K, capacity 19105K, committed 19328K, reserved 1067008K
  class space    used 1937K, capacity 2142K, committed 2176K, reserved 1048576K
}
Event: 1.667 GC heap after
{Heap after GC invocations=2 (full 0):
 garbage-first heap   total 260096K, used 6811K [0x0000000703200000, 0x0000000800000000)
  region size 1024K, 2 young (2048K), 2 survivors (2048K)
 Metaspace       used 18592K, capacity 19105K, committed 19328K, reserved 1067008K
  class space    used 1937K, capacity 2142K, committed 2176K, reserved 1048576K
}
Event: 1.833 GC heap before
{Heap before GC invocations=2 (full 0):
 garbage-first heap   total 260096K, used 12955K [0x0000000703200000, 0x0000000800000000)
  region size 1024K, 9 young (9216K), 2 survivors (2048K)
 Metaspace       used 20722K, capacity 21230K, committed 21296K, reserved 1069056K
  class space    used 2220K, capacity 2428K, committed 2432K, reserved 1048576K
}
Event: 1.835 GC heap after
{Heap after GC invocations=3 (full 0):
 garbage-first heap   total 260096K, used 7269K [0x0000000703200000, 0x0000000800000000)
  region size 1024K, 2 young (2048K), 2 survivors (2048K)
 Metaspace       used 20722K, capacity 21230K, committed 21296K, reserved 1069056K
  class space    used 2220K, capacity 2428K, committed 2432K, reserved 1048576K
}

