# JRE version: Java(TM) SE Runtime Environment (12.0.2+10) (build 12.0.2+10)
# Java VM: Java HotSpot(TM) 64-Bit Server VM (12.0.2+10, mixed mode, sharing, tiered, compressed oops, g1 gc, bsd-amd64)
Heap:
 garbage-first heap   total 45056K, used 34427K [0x0000000780000000, 0x0000000800000000)
  region size 1024K, 23 young (23552K), 2 survivors (2048K)
 Metaspace       used 24471K, capacity 25655K, committed 25856K, reserved 1071104K
  class space    used 3328K, capacity 3816K, committed 3840K, reserved 1048576K
GC Heap History (9 events):
Event: 1.911 GC heap before
{Heap before GC invocations=0 (full 0):
 garbage-first heap   total 133120K, used 15072K [0x0000000780000000, 0x0000000800000000)
  region size 1024K, 14 young (14336K), 0 survivors (0K)
 Metaspace       used 4201K, capacity 7030K, committed 7296K, reserved 1056768K
  class space    used 473K, capacity 773K, committed 896K, reserved 1048576K
}
Event: 1.927 GC heap after
{Heap after GC invocations=1 (full 0):
 garbage-first heap   total 133120K, used 5002K [0x0000000780000000, 0x0000000800000000)
  region size 1024K, 2 young (2048K), 2 survivors (2048K)
 Metaspace       used 4201K, capacity 7030K, committed 7296K, reserved 1056768K
  class space    used 473K, capacity 773K, committed 896K, reserved 1048576K
}
Event: 2.449 GC heap before
{Heap before GC invocations=1 (full 0):
 garbage-first heap   total 133120K, used 10122K [0x0000000780000000, 0x0000000800000000)
  region size 1024K, 7 young (7168K), 2 survivors (2048K)
 Metaspace       used 5522K, capacity 7973K, committed 8064K, reserved 1056768K
  class space    used 592K, capacity 874K, committed 896K, reserved 1048576K
}
Event: 2.459 GC heap after
{Heap after GC invocations=2 (full 0):
 garbage-first heap   total 133120K, used 5630K [0x0000000780000000, 0x0000000800000000)
  region size 1024K, 1 young (1024K), 1 survivors (1024K)
 Metaspace       used 5522K, capacity 7973K, committed 8064K, reserved 1056768K
  class space    used 592K, capacity 874K, committed 896K, reserved 1048576K
}
Event: 4.200 GC heap before
{Heap before GC invocations=2 (full 0):
 garbage-first heap   total 133120K, used 29182K [0x0000000780000000, 0x0000000800000000)
  region size 1024K, 24 young (24576K), 1 survivors (1024K)
 Metaspace       used 11820K, capacity 12520K, committed 12928K, reserved 1060864K
  class space    used 1383K, capacity 1543K, committed 1664K, reserved 1048576K
}
Event: 4.210 GC heap after
{Heap after GC invocations=3 (full 0):
 garbage-first heap   total 133120K, used 6961K [0x0000000780000000, 0x0000000800000000)
  region size 1024K, 2 young (2048K), 2 survivors (2048K)
 Metaspace       used 11820K, capacity 12520K, committed 12928K, reserved 1060864K
  class space    used 1383K, capacity 1543K, committed 1664K, reserved 1048576K
}
Event: 7.249 GC heap before
{Heap before GC invocations=3 (full 0):
 garbage-first heap   total 133120K, used 40753K [0x0000000780000000, 0x0000000800000000)
  region size 1024K, 36 young (36864K), 2 survivors (2048K)
 Metaspace       used 20172K, capacity 21124K, committed 21248K, reserved 1067008K
  class space    used 2854K, capacity 3230K, committed 3328K, reserved 1048576K
}
Event: 7.265 GC heap after
{Heap after GC invocations=4 (full 0):
 garbage-first heap   total 133120K, used 10875K [0x0000000780000000, 0x0000000800000000)
  region size 1024K, 5 young (5120K), 5 survivors (5120K)
 Metaspace       used 20172K, capacity 21124K, committed 21248K, reserved 1067008K
  class space    used 2854K, capacity 3230K, committed 3328K, reserved 1048576K
}
Event: 104.068 GC heap before
{Heap before GC invocations=5 (full 0):
 garbage-first heap   total 45056K, used 34427K [0x0000000780000000, 0x0000000800000000)
  region size 1024K, 26 young (26624K), 5 survivors (5120K)
 Metaspace       used 24471K, capacity 25655K, committed 25856K, reserved 1071104K
  class space    used 3328K, capacity 3816K, committed 3840K, reserved 1048576K
}

