# JRE version: OpenJDK Runtime Environment Temurin-11.0.13+8 (11.0.13+8) (build 11.0.13+8)
# Java VM: OpenJDK 64-Bit Server VM Temurin-11.0.13+8 (11.0.13+8, mixed mode, tiered, compressed oops, g1 gc, bsd-amd64)
Heap:
 garbage-first heap   total 131072K, used 19075K [0x0000000780000000, 0x0000000800000000)
  region size 1024K, 7 young (7168K), 4 survivors (4096K)
 Metaspace       used 34140K, capacity 35642K, committed 35964K, reserved 1081344K
  class space    used 4214K, capacity 4852K, committed 4864K, reserved 1048576K
GC Heap History (10 events):
Event: 2.279 GC heap before
{Heap before GC invocations=0 (full 0):
 garbage-first heap   total 131072K, used 13312K [0x0000000780000000, 0x0000000800000000)
  region size 1024K, 14 young (14336K), 0 survivors (0K)
 Metaspace       used 10024K, capacity 10350K, committed 10624K, reserved 1058816K
  class space    used 985K, capacity 1137K, committed 1152K, reserved 1048576K
}
Event: 2.299 GC heap after
{Heap after GC invocations=1 (full 0):
 garbage-first heap   total 131072K, used 3614K [0x0000000780000000, 0x0000000800000000)
  region size 1024K, 2 young (2048K), 2 survivors (2048K)
 Metaspace       used 10024K, capacity 10350K, committed 10624K, reserved 1058816K
  class space    used 985K, capacity 1137K, committed 1152K, reserved 1048576K
}
Event: 3.091 GC heap before
{Heap before GC invocations=1 (full 0):
 garbage-first heap   total 131072K, used 15902K [0x0000000780000000, 0x0000000800000000)
  region size 1024K, 14 young (14336K), 2 survivors (2048K)
 Metaspace       used 14568K, capacity 14908K, committed 15232K, reserved 1062912K
  class space    used 1401K, capacity 1546K, committed 1664K, reserved 1048576K
}
Event: 3.100 GC heap after
{Heap after GC invocations=2 (full 0):
 garbage-first heap   total 131072K, used 5461K [0x0000000780000000, 0x0000000800000000)
  region size 1024K, 2 young (2048K), 2 survivors (2048K)
 Metaspace       used 14568K, capacity 14908K, committed 15232K, reserved 1062912K
  class space    used 1401K, capacity 1546K, committed 1664K, reserved 1048576K
}
Event: 4.286 GC heap before
{Heap before GC invocations=2 (full 0):
 garbage-first heap   total 131072K, used 21845K [0x0000000780000000, 0x0000000800000000)
  region size 1024K, 20 young (20480K), 2 survivors (2048K)
 Metaspace       used 20461K, capacity 21052K, committed 21296K, reserved 1069056K
  class space    used 2185K, capacity 2413K, committed 2432K, reserved 1048576K
}
Event: 4.297 GC heap after
{Heap after GC invocations=3 (full 0):
 garbage-first heap   total 131072K, used 6800K [0x0000000780000000, 0x0000000800000000)
  region size 1024K, 3 young (3072K), 3 survivors (3072K)
 Metaspace       used 20461K, capacity 21052K, committed 21296K, reserved 1069056K
  class space    used 2185K, capacity 2413K, committed 2432K, reserved 1048576K
}
Event: 8.518 GC heap before
{Heap before GC invocations=4 (full 0):
 garbage-first heap   total 131072K, used 41616K [0x0000000780000000, 0x0000000800000000)
  region size 1024K, 37 young (37888K), 3 survivors (3072K)
 Metaspace       used 29020K, capacity 30153K, committed 30256K, reserved 1075200K
  class space    used 3709K, capacity 4183K, committed 4224K, reserved 1048576K
}
Event: 8.538 GC heap after
{Heap after GC invocations=5 (full 0):
 garbage-first heap   total 131072K, used 10864K [0x0000000780000000, 0x0000000800000000)
  region size 1024K, 5 young (5120K), 5 survivors (5120K)
 Metaspace       used 29020K, capacity 30153K, committed 30256K, reserved 1075200K
  class space    used 3709K, capacity 4183K, committed 4224K, reserved 1048576K
}
Event: 71.773 GC heap before
{Heap before GC invocations=5 (full 0):
 garbage-first heap   total 131072K, used 50800K [0x0000000780000000, 0x0000000800000000)
  region size 1024K, 43 young (44032K), 5 survivors (5120K)
 Metaspace       used 34114K, capacity 35577K, committed 35708K, reserved 1081344K
  class space    used 4214K, capacity 4852K, committed 4864K, reserved 1048576K
}
Event: 71.826 GC heap after
{Heap after GC invocations=6 (full 0):
 garbage-first heap   total 131072K, used 17027K [0x0000000780000000, 0x0000000800000000)
  region size 1024K, 4 young (4096K), 4 survivors (4096K)
 Metaspace       used 34114K, capacity 35577K, committed 35708K, reserved 1081344K
  class space    used 4214K, capacity 4852K, committed 4864K, reserved 1048576K
}

