# JRE version: Java(TM) SE Runtime Environment 18.9 (11.0.17+10) (build 11.0.17+10-LTS-269)
# Java VM: Java HotSpot(TM) 64-Bit Server VM 18.9 (11.0.17+10-LTS-269, mixed mode, tiered, compressed oops, g1 gc, windows-amd64)
Heap:
 garbage-first heap   total 260096K, used 111120K [0x00000000c0000000, 0x0000000100000000)
  region size 1024K, 64 young (65536K), 7 survivors (7168K)
 Metaspace       used 67375K, capacity 69784K, committed 69888K, reserved 577536K
  class space    used 9037K, capacity 9981K, committed 9984K, reserved 516096K
GC Heap History (10 events):
Event: 5.065 GC heap before
{Heap before GC invocations=4 (full 0):
 garbage-first heap   total 260096K, used 63473K [0x00000000c0000000, 0x0000000100000000)
  region size 1024K, 47 young (48128K), 3 survivors (3072K)
 Metaspace       used 34887K, capacity 35717K, committed 35840K, reserved 548864K
  class space    used 4577K, capacity 4932K, committed 4992K, reserved 516096K
}
Event: 5.070 GC heap after
{Heap after GC invocations=5 (full 0):
 garbage-first heap   total 260096K, used 22074K [0x00000000c0000000, 0x0000000100000000)
  region size 1024K, 6 young (6144K), 6 survivors (6144K)
 Metaspace       used 34887K, capacity 35717K, committed 35840K, reserved 548864K
  class space    used 4577K, capacity 4932K, committed 4992K, reserved 516096K
}
Event: 7.280 GC heap before
{Heap before GC invocations=6 (full 0):
 garbage-first heap   total 260096K, used 132666K [0x00000000c0000000, 0x0000000100000000)
  region size 1024K, 111 young (113664K), 6 survivors (6144K)
 Metaspace       used 44412K, capacity 45422K, committed 45568K, reserved 557056K
  class space    used 5727K, capacity 6096K, committed 6144K, reserved 516096K
}
Event: 7.288 GC heap after
{Heap after GC invocations=7 (full 0):
 garbage-first heap   total 260096K, used 28346K [0x00000000c0000000, 0x0000000100000000)
  region size 1024K, 12 young (12288K), 12 survivors (12288K)
 Metaspace       used 44412K, capacity 45422K, committed 45568K, reserved 557056K
  class space    used 5727K, capacity 6096K, committed 6144K, reserved 516096K
}
Event: 8.957 GC heap before
{Heap before GC invocations=7 (full 0):
 garbage-first heap   total 260096K, used 164538K [0x00000000c0000000, 0x0000000100000000)
  region size 1024K, 146 young (149504K), 12 survivors (12288K)
 Metaspace       used 51826K, capacity 53295K, committed 53504K, reserved 563200K
  class space    used 6842K, capacity 7402K, committed 7424K, reserved 516096K
}
Event: 8.974 GC heap after
{Heap after GC invocations=8 (full 0):
 garbage-first heap   total 260096K, used 37221K [0x00000000c0000000, 0x0000000100000000)
  region size 1024K, 18 young (18432K), 18 survivors (18432K)
 Metaspace       used 51826K, capacity 53295K, committed 53504K, reserved 563200K
  class space    used 6842K, capacity 7402K, committed 7424K, reserved 516096K
}
Event: 11.144 GC heap before
{Heap before GC invocations=8 (full 0):
 garbage-first heap   total 260096K, used 174437K [0x00000000c0000000, 0x0000000100000000)
  region size 1024K, 152 young (155648K), 18 survivors (18432K)
 Metaspace       used 56919K, capacity 58948K, committed 59136K, reserved 567296K
  class space    used 7635K, capacity 8433K, committed 8448K, reserved 516096K
}
Event: 11.167 GC heap after
{Heap after GC invocations=9 (full 0):
 garbage-first heap   total 260096K, used 47861K [0x00000000c0000000, 0x0000000100000000)
  region size 1024K, 19 young (19456K), 19 survivors (19456K)
 Metaspace       used 56919K, capacity 58948K, committed 59136K, reserved 567296K
  class space    used 7635K, capacity 8433K, committed 8448K, reserved 516096K
}
Event: 11.686 GC heap before
{Heap before GC invocations=9 (full 0):
 garbage-first heap   total 260096K, used 92917K [0x00000000c0000000, 0x0000000100000000)
  region size 1024K, 64 young (65536K), 19 survivors (19456K)
 Metaspace       used 58032K, capacity 60096K, committed 60160K, reserved 569344K
  class space    used 7825K, capacity 8649K, committed 8704K, reserved 516096K
}
Event: 11.709 GC heap after
{Heap after GC invocations=10 (full 0):
 garbage-first heap   total 260096K, used 54800K [0x00000000c0000000, 0x0000000100000000)
  region size 1024K, 7 young (7168K), 7 survivors (7168K)
 Metaspace       used 58032K, capacity 60096K, committed 60160K, reserved 569344K
  class space    used 7825K, capacity 8649K, committed 8704K, reserved 516096K
}

