# JRE version: Java(TM) SE Runtime Environment (12.0.2+10) (build 12.0.2+10)
# Java VM: Java HotSpot(TM) 64-Bit Server VM (12.0.2+10, mixed mode, sharing, tiered, compressed oops, g1 gc, bsd-amd64)
Heap:
 garbage-first heap   total 48128K, used 20187K [0x0000000780000000, 0x0000000800000000)
  region size 1024K, 10 young (10240K), 2 survivors (2048K)
 Metaspace       used 22138K, capacity 23233K, committed 23420K, reserved 1069056K
  class space    used 3204K, capacity 3668K, committed 3760K, reserved 1048576K
GC Heap History (8 events):
Event: 3.185 GC heap before
{Heap before GC invocations=0 (full 0):
 garbage-first heap   total 133120K, used 15072K [0x0000000780000000, 0x0000000800000000)
  region size 1024K, 14 young (14336K), 0 survivors (0K)
 Metaspace       used 4113K, capacity 6966K, committed 7296K, reserved 1056768K
  class space    used 467K, capacity 773K, committed 896K, reserved 1048576K
}
Event: 3.200 GC heap after
{Heap after GC invocations=1 (full 0):
 garbage-first heap   total 133120K, used 5111K [0x0000000780000000, 0x0000000800000000)
  region size 1024K, 2 young (2048K), 2 survivors (2048K)
 Metaspace       used 4113K, capacity 6966K, committed 7296K, reserved 1056768K
  class space    used 467K, capacity 773K, committed 896K, reserved 1048576K
}
Event: 5.710 GC heap before
{Heap before GC invocations=1 (full 0):
 garbage-first heap   total 133120K, used 16375K [0x0000000780000000, 0x0000000800000000)
  region size 1024K, 13 young (13312K), 2 survivors (2048K)
 Metaspace       used 6966K, capacity 9355K, committed 9600K, reserved 1058816K
  class space    used 764K, capacity 1036K, committed 1152K, reserved 1048576K
}
Event: 5.722 GC heap after
{Heap after GC invocations=2 (full 0):
 garbage-first heap   total 133120K, used 5450K [0x0000000780000000, 0x0000000800000000)
  region size 1024K, 1 young (1024K), 1 survivors (1024K)
 Metaspace       used 6966K, capacity 9355K, committed 9600K, reserved 1058816K
  class space    used 764K, capacity 1036K, committed 1152K, reserved 1048576K
}
Event: 11.189 GC heap before
{Heap before GC invocations=2 (full 0):
 garbage-first heap   total 133120K, used 40266K [0x0000000780000000, 0x0000000800000000)
  region size 1024K, 35 young (35840K), 1 survivors (1024K)
 Metaspace       used 16444K, capacity 17267K, committed 17664K, reserved 1064960K
  class space    used 2248K, capacity 2460K, committed 2560K, reserved 1048576K
}
Event: 11.215 GC heap after
{Heap after GC invocations=3 (full 0):
 garbage-first heap   total 133120K, used 9270K [0x0000000780000000, 0x0000000800000000)
  region size 1024K, 5 young (5120K), 5 survivors (5120K)
 Metaspace       used 16444K, capacity 17267K, committed 17664K, reserved 1064960K
  class space    used 2248K, capacity 2460K, committed 2560K, reserved 1048576K
}
Event: 14.131 GC heap before
{Heap before GC invocations=3 (full 0):
 garbage-first heap   total 133120K, used 23606K [0x0000000780000000, 0x0000000800000000)
  region size 1024K, 20 young (20480K), 5 survivors (5120K)
 Metaspace       used 20255K, capacity 21278K, committed 21296K, reserved 1067008K
  class space    used 2968K, capacity 3376K, committed 3376K, reserved 1048576K
}
Event: 14.163 GC heap after
{Heap after GC invocations=4 (full 0):
 garbage-first heap   total 133120K, used 10971K [0x0000000780000000, 0x0000000800000000)
  region size 1024K, 2 young (2048K), 2 survivors (2048K)
 Metaspace       used 20255K, capacity 21278K, committed 21296K, reserved 1067008K
  class space    used 2968K, capacity 3376K, committed 3376K, reserved 1048576K
}

